{"/Users/wangbo/Desktop/project/ui-project/serveless-devss/fc-atom/fc-sls-alibaba-component/src/constant.ts": {"path":"/Users/wangbo/Desktop/project/ui-project/serveless-devss/fc-atom/fc-sls-alibaba-component/src/constant.ts","statementMap":{"0":{"start":{"line":1,"column":13},"end":{"line":1,"column":32}},"1":{"start":{"line":3,"column":13},"end":{"line":8,"column":2}}},"fnMap":{},"branchMap":{},"s":{"0":1,"1":1},"f":{},"b":{}}
,"/Users/wangbo/Desktop/project/ui-project/serveless-devss/fc-atom/fc-sls-alibaba-component/src/index.ts": {"path":"/Users/wangbo/Desktop/project/ui-project/serveless-devss/fc-atom/fc-sls-alibaba-component/src/index.ts","statementMap":{"0":{"start":{"line":1,"column":0},"end":{"line":1,"column":72}},"1":{"start":{"line":2,"column":0},"end":{"line":2,"column":23}},"2":{"start":{"line":3,"column":0},"end":{"line":3,"column":37}},"3":{"start":{"line":4,"column":0},"end":{"line":4,"column":71}},"4":{"start":{"line":5,"column":0},"end":{"line":5,"column":30}},"5":{"start":{"line":7,"column":0},"end":{"line":7,"column":21}},"6":{"start":{"line":10,"column":8},"end":{"line":24,"column":null}},"7":{"start":{"line":15,"column":4},"end":{"line":19,"column":6}},"8":{"start":{"line":20,"column":4},"end":{"line":22,"column":null}},"9":{"start":{"line":21,"column":6},"end":{"line":21,"column":25}},"10":{"start":{"line":23,"column":11},"end":{"line":23,"column":54}},"11":{"start":{"line":23,"column":4},"end":{"line":23,"column":54}},"12":{"start":{"line":26,"column":8},"end":{"line":44,"column":null}},"13":{"start":{"line":27,"column":4},"end":{"line":27,"column":45}},"14":{"start":{"line":29,"column":10},"end":{"line":32,"column":null}},"15":{"start":{"line":34,"column":4},"end":{"line":34,"column":83}},"16":{"start":{"line":36,"column":24},"end":{"line":36,"column":null}},"17":{"start":{"line":36,"column":10},"end":{"line":36,"column":null}},"18":{"start":{"line":37,"column":10},"end":{"line":37,"column":54}},"19":{"start":{"line":38,"column":4},"end":{"line":38,"column":75}},"20":{"start":{"line":40,"column":10},"end":{"line":40,"column":58}},"21":{"start":{"line":41,"column":4},"end":{"line":41,"column":33}},"22":{"start":{"line":43,"column":4},"end":{"line":43,"column":45}},"23":{"start":{"line":46,"column":8},"end":{"line":64,"column":null}},"24":{"start":{"line":47,"column":4},"end":{"line":47,"column":45}},"25":{"start":{"line":49,"column":10},"end":{"line":52,"column":null}},"26":{"start":{"line":54,"column":4},"end":{"line":54,"column":83}},"27":{"start":{"line":56,"column":24},"end":{"line":56,"column":null}},"28":{"start":{"line":56,"column":10},"end":{"line":56,"column":null}},"29":{"start":{"line":57,"column":10},"end":{"line":57,"column":54}},"30":{"start":{"line":58,"column":4},"end":{"line":58,"column":75}},"31":{"start":{"line":60,"column":10},"end":{"line":60,"column":58}},"32":{"start":{"line":61,"column":4},"end":{"line":61,"column":48}},"33":{"start":{"line":63,"column":4},"end":{"line":63,"column":45}},"34":{"start":{"line":66,"column":8},"end":{"line":72,"column":null}},"35":{"start":{"line":67,"column":4},"end":{"line":67,"column":null}},"36":{"start":{"line":68,"column":4},"end":{"line":71,"column":null}},"37":{"start":{"line":8,"column":20},"end":{"line":8,"column":null}},"38":{"start":{"line":73,"column":0},"end":{"line":73,"column":null}},"39":{"start":{"line":7,"column":21},"end":{"line":7,"column":null}}},"fnMap":{"0":{"name":"(anonymous_16)","decl":{"start":{"line":7,"column":0},"end":{"line":7,"column":21}},"loc":{"start":{"line":7,"column":0},"end":{"line":7,"column":21}}},"1":{"name":"(anonymous_18)","decl":{"start":{"line":10,"column":2},"end":{"line":10,"column":8}},"loc":{"start":{"line":13,"column":24},"end":{"line":24,"column":null}}},"2":{"name":"(anonymous_21)","decl":{"start":{"line":26,"column":2},"end":{"line":26,"column":8}},"loc":{"start":{"line":26,"column":21},"end":{"line":44,"column":null}}},"3":{"name":"(anonymous_24)","decl":{"start":{"line":46,"column":2},"end":{"line":46,"column":8}},"loc":{"start":{"line":46,"column":21},"end":{"line":64,"column":null}}},"4":{"name":"(anonymous_27)","decl":{"start":{"line":66,"column":2},"end":{"line":66,"column":8}},"loc":{"start":{"line":66,"column":19},"end":{"line":72,"column":null}}}},"branchMap":{"0":{"loc":{"start":{"line":23,"column":4},"end":{"line":23,"column":54}},"type":"switch","locations":[{"start":{"line":23,"column":4},"end":{"line":23,"column":54}}]},"1":{"loc":{"start":{"line":20,"column":4},"end":{"line":22,"column":null}},"type":"if","locations":[{"start":{"line":20,"column":4},"end":{"line":22,"column":null}},{"start":{"line":20,"column":4},"end":{"line":22,"column":null}}]}},"s":{"0":1,"1":1,"2":1,"3":1,"4":1,"5":1,"6":1,"7":0,"8":0,"9":0,"10":0,"11":0,"12":1,"13":0,"14":0,"15":0,"16":0,"17":0,"18":0,"19":0,"20":0,"21":0,"22":0,"23":1,"24":0,"25":0,"26":0,"27":0,"28":0,"29":0,"30":0,"31":0,"32":0,"33":0,"34":1,"35":1,"36":1,"37":1,"38":1,"39":1},"f":{"0":2,"1":0,"2":0,"3":0,"4":1},"b":{"0":[0],"1":[0,0]}}
,"/Users/wangbo/Desktop/project/ui-project/serveless-devss/fc-atom/fc-sls-alibaba-component/src/interface.ts": {"path":"/Users/wangbo/Desktop/project/ui-project/serveless-devss/fc-atom/fc-sls-alibaba-component/src/interface.ts","statementMap":{"0":{"start":{"line":16,"column":2},"end":{"line":16,"column":39}},"1":{"start":{"line":15,"column":0},"end":{"line":15,"column":16}}},"fnMap":{"0":{"name":"isCredentials","decl":{"start":{"line":15,"column":16},"end":{"line":15,"column":29}},"loc":{"start":{"line":15,"column":38},"end":{"line":17,"column":1}}}},"branchMap":{},"s":{"0":0,"1":1},"f":{"0":0},"b":{}}
,"/Users/wangbo/Desktop/project/ui-project/serveless-devss/fc-atom/fc-sls-alibaba-component/src/utils/sls.ts": {"path":"/Users/wangbo/Desktop/project/ui-project/serveless-devss/fc-atom/fc-sls-alibaba-component/src/utils/sls.ts","statementMap":{"0":{"start":{"line":1,"column":0},"end":{"line":1,"column":57}},"1":{"start":{"line":2,"column":0},"end":{"line":2,"column":32}},"2":{"start":{"line":3,"column":0},"end":{"line":3,"column":52}},"3":{"start":{"line":5,"column":0},"end":{"line":5,"column":34}},"4":{"start":{"line":7,"column":0},"end":{"line":7,"column":21}},"5":{"start":{"line":12,"column":4},"end":{"line":17,"column":7}},"6":{"start":{"line":20,"column":8},"end":{"line":35,"column":null}},"7":{"start":{"line":21,"column":4},"end":{"line":21,"column":65}},"8":{"start":{"line":22,"column":8},"end":{"line":22,"column":28}},"9":{"start":{"line":25,"column":6},"end":{"line":25,"column":47}},"10":{"start":{"line":27,"column":6},"end":{"line":29,"column":null}},"11":{"start":{"line":28,"column":8},"end":{"line":28,"column":16}},"12":{"start":{"line":30,"column":6},"end":{"line":30,"column":27}},"13":{"start":{"line":33,"column":4},"end":{"line":33,"column":90}},"14":{"start":{"line":34,"column":4},"end":{"line":34,"column":24}},"15":{"start":{"line":37,"column":8},"end":{"line":54,"column":null}},"16":{"start":{"line":38,"column":4},"end":{"line":38,"column":78}},"17":{"start":{"line":40,"column":8},"end":{"line":40,"column":29}},"18":{"start":{"line":42,"column":6},"end":{"line":42,"column":58}},"19":{"start":{"line":44,"column":6},"end":{"line":46,"column":null}},"20":{"start":{"line":45,"column":8},"end":{"line":45,"column":16}},"21":{"start":{"line":47,"column":6},"end":{"line":47,"column":28}},"22":{"start":{"line":50,"column":4},"end":{"line":52,"column":6}},"23":{"start":{"line":53,"column":4},"end":{"line":53,"column":25}},"24":{"start":{"line":56,"column":8},"end":{"line":80,"column":null}},"25":{"start":{"line":57,"column":4},"end":{"line":57,"column":59}},"26":{"start":{"line":59,"column":4},"end":{"line":77,"column":21}},"27":{"start":{"line":59,"column":35},"end":{"line":77,"column":7}},"28":{"start":{"line":61,"column":8},"end":{"line":61,"column":69}},"29":{"start":{"line":63,"column":14},"end":{"line":63,"column":31}},"30":{"start":{"line":65,"column":8},"end":{"line":75,"column":null}},"31":{"start":{"line":66,"column":10},"end":{"line":66,"column":19}},"32":{"start":{"line":67,"column":15},"end":{"line":75,"column":null}},"33":{"start":{"line":68,"column":10},"end":{"line":70,"column":12}},"34":{"start":{"line":72,"column":10},"end":{"line":72,"column":100}},"35":{"start":{"line":73,"column":10},"end":{"line":73,"column":50}},"36":{"start":{"line":74,"column":10},"end":{"line":74,"column":20}},"37":{"start":{"line":79,"column":4},"end":{"line":79,"column":59}},"38":{"start":{"line":82,"column":8},"end":{"line":103,"column":null}},"39":{"start":{"line":83,"column":4},"end":{"line":83,"column":72}},"40":{"start":{"line":85,"column":10},"end":{"line":88,"column":6}},"41":{"start":{"line":90,"column":4},"end":{"line":100,"column":21}},"42":{"start":{"line":90,"column":35},"end":{"line":100,"column":7}},"43":{"start":{"line":92,"column":8},"end":{"line":92,"column":86}},"44":{"start":{"line":94,"column":8},"end":{"line":96,"column":10}},"45":{"start":{"line":97,"column":8},"end":{"line":97,"column":48}},"46":{"start":{"line":98,"column":8},"end":{"line":98,"column":18}},"47":{"start":{"line":102,"column":4},"end":{"line":102,"column":72}},"48":{"start":{"line":105,"column":8},"end":{"line":145,"column":null}},"49":{"start":{"line":107,"column":6},"end":{"line":107,"column":61}},"50":{"start":{"line":108,"column":6},"end":{"line":108,"column":92}},"51":{"start":{"line":109,"column":6},"end":{"line":109,"column":13}},"52":{"start":{"line":111,"column":6},"end":{"line":116,"column":null}},"53":{"start":{"line":112,"column":8},"end":{"line":114,"column":10}},"54":{"start":{"line":115,"column":8},"end":{"line":115,"column":17}},"55":{"start":{"line":119,"column":4},"end":{"line":121,"column":6}},"56":{"start":{"line":123,"column":4},"end":{"line":142,"column":21}},"57":{"start":{"line":123,"column":35},"end":{"line":142,"column":7}},"58":{"start":{"line":125,"column":8},"end":{"line":133,"column":11}},"59":{"start":{"line":135,"column":8},"end":{"line":137,"column":10}},"60":{"start":{"line":139,"column":8},"end":{"line":139,"column":49}},"61":{"start":{"line":140,"column":8},"end":{"line":140,"column":18}},"62":{"start":{"line":144,"column":4},"end":{"line":144,"column":98}},"63":{"start":{"line":147,"column":8},"end":{"line":164,"column":null}},"64":{"start":{"line":147,"column":25},"end":{"line":147,"column":27}},"65":{"start":{"line":147,"column":34},"end":{"line":147,"column":36}},"66":{"start":{"line":147,"column":47},"end":{"line":147,"column":62}},"67":{"start":{"line":148,"column":25},"end":{"line":148,"column":null}},"68":{"start":{"line":148,"column":10},"end":{"line":148,"column":null}},"69":{"start":{"line":150,"column":8},"end":{"line":150,"column":20}},"70":{"start":{"line":151,"column":6},"end":{"line":151,"column":73}},"71":{"start":{"line":153,"column":6},"end":{"line":153,"column":53}},"72":{"start":{"line":156,"column":26},"end":{"line":156,"column":null}},"73":{"start":{"line":156,"column":10},"end":{"line":156,"column":null}},"74":{"start":{"line":157,"column":8},"end":{"line":157,"column":21}},"75":{"start":{"line":158,"column":6},"end":{"line":158,"column":74}},"76":{"start":{"line":160,"column":6},"end":{"line":160,"column":51}},"77":{"start":{"line":163,"column":4},"end":{"line":163,"column":52}},"78":{"start":{"line":166,"column":8},"end":{"line":180,"column":null}},"79":{"start":{"line":167,"column":25},"end":{"line":167,"column":null}},"80":{"start":{"line":167,"column":10},"end":{"line":167,"column":null}},"81":{"start":{"line":169,"column":8},"end":{"line":169,"column":20}},"82":{"start":{"line":171,"column":8},"end":{"line":171,"column":61}},"83":{"start":{"line":172,"column":8},"end":{"line":172,"column":52}},"84":{"start":{"line":173,"column":8},"end":{"line":173,"column":55}},"85":{"start":{"line":175,"column":8},"end":{"line":175,"column":17}},"86":{"start":{"line":178,"column":6},"end":{"line":178,"column":75}},"87":{"start":{"line":8,"column":20},"end":{"line":8,"column":null}},"88":{"start":{"line":181,"column":0},"end":{"line":181,"column":null}},"89":{"start":{"line":7,"column":21},"end":{"line":7,"column":null}}},"fnMap":{"0":{"name":"(anonymous_17)","decl":{"start":{"line":7,"column":0},"end":{"line":7,"column":21}},"loc":{"start":{"line":7,"column":0},"end":{"line":7,"column":21}}},"1":{"name":"Sls","decl":{"start":{"line":11,"column":2},"end":{"line":11,"column":14}},"loc":{"start":{"line":11,"column":45},"end":{"line":18,"column":3}}},"2":{"name":"(anonymous_19)","decl":{"start":{"line":20,"column":2},"end":{"line":20,"column":8}},"loc":{"start":{"line":20,"column":41},"end":{"line":35,"column":null}}},"3":{"name":"(anonymous_22)","decl":{"start":{"line":37,"column":2},"end":{"line":37,"column":8}},"loc":{"start":{"line":37,"column":60},"end":{"line":54,"column":null}}},"4":{"name":"(anonymous_25)","decl":{"start":{"line":56,"column":2},"end":{"line":56,"column":8}},"loc":{"start":{"line":56,"column":58},"end":{"line":80,"column":null}}},"5":{"name":"(anonymous_28)","decl":{"start":{"line":59,"column":16},"end":{"line":59,"column":23}},"loc":{"start":{"line":59,"column":35},"end":{"line":77,"column":7}}},"6":{"name":"(anonymous_29)","decl":{"start":{"line":59,"column":35},"end":{"line":59,"column":null}},"loc":{"start":{"line":59,"column":35},"end":{"line":77,"column":7}}},"7":{"name":"(anonymous_31)","decl":{"start":{"line":82,"column":2},"end":{"line":82,"column":8}},"loc":{"start":{"line":82,"column":56},"end":{"line":103,"column":null}}},"8":{"name":"(anonymous_34)","decl":{"start":{"line":90,"column":16},"end":{"line":90,"column":23}},"loc":{"start":{"line":90,"column":35},"end":{"line":100,"column":7}}},"9":{"name":"(anonymous_35)","decl":{"start":{"line":90,"column":35},"end":{"line":90,"column":null}},"loc":{"start":{"line":90,"column":35},"end":{"line":100,"column":7}}},"10":{"name":"(anonymous_37)","decl":{"start":{"line":105,"column":2},"end":{"line":105,"column":8}},"loc":{"start":{"line":105,"column":59},"end":{"line":145,"column":null}}},"11":{"name":"(anonymous_40)","decl":{"start":{"line":123,"column":16},"end":{"line":123,"column":23}},"loc":{"start":{"line":123,"column":35},"end":{"line":142,"column":7}}},"12":{"name":"(anonymous_41)","decl":{"start":{"line":123,"column":35},"end":{"line":123,"column":null}},"loc":{"start":{"line":123,"column":35},"end":{"line":142,"column":7}}},"13":{"name":"(anonymous_43)","decl":{"start":{"line":147,"column":2},"end":{"line":147,"column":8}},"loc":{"start":{"line":147,"column":62},"end":{"line":164,"column":null}}},"14":{"name":"(anonymous_46)","decl":{"start":{"line":166,"column":2},"end":{"line":166,"column":8}},"loc":{"start":{"line":166,"column":37},"end":{"line":180,"column":null}}}},"branchMap":{"0":{"loc":{"start":{"line":27,"column":6},"end":{"line":29,"column":null}},"type":"if","locations":[{"start":{"line":27,"column":6},"end":{"line":29,"column":null}},{"start":{"line":27,"column":6},"end":{"line":29,"column":null}}]},"1":{"loc":{"start":{"line":33,"column":63},"end":{"line":33,"column":65}},"type":"cond-expr","locations":[{"start":{"line":33,"column":63},"end":{"line":33,"column":65}},{"start":{"line":33,"column":68},"end":{"line":33,"column":79}}]},"2":{"loc":{"start":{"line":44,"column":6},"end":{"line":46,"column":null}},"type":"if","locations":[{"start":{"line":44,"column":6},"end":{"line":46,"column":null}},{"start":{"line":44,"column":6},"end":{"line":46,"column":null}}]},"3":{"loc":{"start":{"line":51,"column":62},"end":{"line":51,"column":64}},"type":"cond-expr","locations":[{"start":{"line":51,"column":62},"end":{"line":51,"column":64}},{"start":{"line":51,"column":67},"end":{"line":51,"column":78}}]},"4":{"loc":{"start":{"line":65,"column":8},"end":{"line":75,"column":null}},"type":"if","locations":[{"start":{"line":65,"column":8},"end":{"line":75,"column":null}},{"start":{"line":65,"column":8},"end":{"line":75,"column":null}}]},"5":{"loc":{"start":{"line":67,"column":15},"end":{"line":75,"column":null}},"type":"if","locations":[{"start":{"line":67,"column":15},"end":{"line":75,"column":null}},{"start":{"line":67,"column":15},"end":{"line":75,"column":null}}]},"6":{"loc":{"start":{"line":111,"column":6},"end":{"line":116,"column":null}},"type":"if","locations":[{"start":{"line":111,"column":6},"end":{"line":116,"column":null}},{"start":{"line":111,"column":6},"end":{"line":116,"column":null}}]},"7":{"loc":{"start":{"line":148,"column":25},"end":{"line":148,"column":null}},"type":"switch","locations":[{"start":{"line":148,"column":25},"end":{"line":148,"column":null}},{"start":{"line":153,"column":6},"end":{"line":153,"column":53}},{"start":{"line":156,"column":26},"end":{"line":156,"column":null}},{"start":{"line":160,"column":6},"end":{"line":160,"column":51}},{"start":{"line":163,"column":4},"end":{"line":163,"column":52}}]},"8":{"loc":{"start":{"line":150,"column":8},"end":{"line":150,"column":20}},"type":"if","locations":[{"start":{"line":150,"column":8},"end":{"line":150,"column":20}},{"start":{"line":150,"column":8},"end":{"line":150,"column":20}}]},"9":{"loc":{"start":{"line":157,"column":8},"end":{"line":157,"column":21}},"type":"if","locations":[{"start":{"line":157,"column":8},"end":{"line":157,"column":21}},{"start":{"line":157,"column":8},"end":{"line":157,"column":21}}]},"10":{"loc":{"start":{"line":167,"column":25},"end":{"line":167,"column":null}},"type":"switch","locations":[{"start":{"line":167,"column":25},"end":{"line":167,"column":null}}]},"11":{"loc":{"start":{"line":169,"column":8},"end":{"line":169,"column":20}},"type":"if","locations":[{"start":{"line":169,"column":8},"end":{"line":169,"column":20}},{"start":{"line":169,"column":8},"end":{"line":169,"column":20}}]}},"s":{"0":1,"1":1,"2":1,"3":1,"4":1,"5":0,"6":1,"7":0,"8":0,"9":0,"10":0,"11":0,"12":0,"13":0,"14":0,"15":1,"16":0,"17":0,"18":0,"19":0,"20":0,"21":0,"22":0,"23":0,"24":1,"25":0,"26":0,"27":0,"28":0,"29":0,"30":0,"31":0,"32":0,"33":0,"34":0,"35":0,"36":0,"37":0,"38":1,"39":0,"40":0,"41":0,"42":0,"43":0,"44":0,"45":0,"46":0,"47":0,"48":1,"49":0,"50":0,"51":0,"52":0,"53":0,"54":0,"55":0,"56":0,"57":0,"58":0,"59":0,"60":0,"61":0,"62":0,"63":1,"64":0,"65":0,"66":0,"67":0,"68":0,"69":0,"70":0,"71":0,"72":0,"73":0,"74":0,"75":0,"76":0,"77":0,"78":1,"79":0,"80":0,"81":0,"82":0,"83":0,"84":0,"85":0,"86":0,"87":1,"88":1,"89":1},"f":{"0":1,"1":0,"2":0,"3":0,"4":0,"5":0,"6":0,"7":0,"8":0,"9":0,"10":0,"11":0,"12":0,"13":0,"14":0},"b":{"0":[0,0],"1":[0,0],"2":[0,0],"3":[0,0],"4":[0,0],"5":[0,0],"6":[0,0],"7":[0,0,0,0,0],"8":[0,0],"9":[0,0],"10":[0],"11":[0,0]}}
}
