TN:
SF:src/constant.ts
FNF:0
FNH:0
DA:1,1
DA:3,1
LF:2
LH:2
BRF:0
BRH:0
end_of_record
TN:
SF:src/index.ts
FN:7,(anonymous_16)
FN:10,(anonymous_18)
FN:26,(anonymous_21)
FN:46,(anonymous_24)
FN:66,(anonymous_27)
FNF:5
FNH:2
FNDA:2,(anonymous_16)
FNDA:0,(anonymous_18)
FNDA:0,(anonymous_21)
FNDA:0,(anonymous_24)
FNDA:1,(anonymous_27)
DA:1,1
DA:2,1
DA:3,1
DA:4,1
DA:5,1
DA:7,1
DA:8,1
DA:10,1
DA:15,0
DA:20,0
DA:21,0
DA:23,0
DA:26,1
DA:27,0
DA:29,0
DA:34,0
DA:36,0
DA:37,0
DA:38,0
DA:40,0
DA:41,0
DA:43,0
DA:46,1
DA:47,0
DA:49,0
DA:54,0
DA:56,0
DA:57,0
DA:58,0
DA:60,0
DA:61,0
DA:63,0
DA:66,1
DA:67,1
DA:68,1
DA:73,1
LF:36
LH:14
BRDA:23,0,0,0
BRDA:20,1,0,0
BRDA:20,1,1,0
BRF:3
BRH:0
end_of_record
TN:
SF:src/interface.ts
FN:15,isCredentials
FNF:1
FNH:0
FNDA:0,isCredentials
DA:15,1
DA:16,0
LF:2
LH:1
BRF:0
BRH:0
end_of_record
TN:
SF:src/utils/sls.ts
FN:7,(anonymous_17)
FN:11,Sls
FN:20,(anonymous_19)
FN:37,(anonymous_22)
FN:56,(anonymous_25)
FN:59,(anonymous_28)
FN:59,(anonymous_29)
FN:82,(anonymous_31)
FN:90,(anonymous_34)
FN:90,(anonymous_35)
FN:105,(anonymous_37)
FN:123,(anonymous_40)
FN:123,(anonymous_41)
FN:147,(anonymous_43)
FN:166,(anonymous_46)
FNF:15
FNH:1
FNDA:1,(anonymous_17)
FNDA:0,Sls
FNDA:0,(anonymous_19)
FNDA:0,(anonymous_22)
FNDA:0,(anonymous_25)
FNDA:0,(anonymous_28)
FNDA:0,(anonymous_29)
FNDA:0,(anonymous_31)
FNDA:0,(anonymous_34)
FNDA:0,(anonymous_35)
FNDA:0,(anonymous_37)
FNDA:0,(anonymous_40)
FNDA:0,(anonymous_41)
FNDA:0,(anonymous_43)
FNDA:0,(anonymous_46)
DA:1,1
DA:2,1
DA:3,1
DA:5,1
DA:7,1
DA:8,1
DA:12,0
DA:20,1
DA:21,0
DA:22,0
DA:25,0
DA:27,0
DA:28,0
DA:30,0
DA:33,0
DA:34,0
DA:37,1
DA:38,0
DA:40,0
DA:42,0
DA:44,0
DA:45,0
DA:47,0
DA:50,0
DA:53,0
DA:56,1
DA:57,0
DA:59,0
DA:61,0
DA:63,0
DA:65,0
DA:66,0
DA:67,0
DA:68,0
DA:72,0
DA:73,0
DA:74,0
DA:79,0
DA:82,1
DA:83,0
DA:85,0
DA:90,0
DA:92,0
DA:94,0
DA:97,0
DA:98,0
DA:102,0
DA:105,1
DA:107,0
DA:108,0
DA:109,0
DA:111,0
DA:112,0
DA:115,0
DA:119,0
DA:123,0
DA:125,0
DA:135,0
DA:139,0
DA:140,0
DA:144,0
DA:147,1
DA:148,0
DA:150,0
DA:151,0
DA:153,0
DA:156,0
DA:157,0
DA:158,0
DA:160,0
DA:163,0
DA:166,1
DA:167,0
DA:169,0
DA:171,0
DA:172,0
DA:173,0
DA:175,0
DA:178,0
DA:181,1
LF:80
LH:14
BRDA:27,0,0,0
BRDA:27,0,1,0
BRDA:33,1,0,0
BRDA:33,1,1,0
BRDA:44,2,0,0
BRDA:44,2,1,0
BRDA:51,3,0,0
BRDA:51,3,1,0
BRDA:65,4,0,0
BRDA:65,4,1,0
BRDA:67,5,0,0
BRDA:67,5,1,0
BRDA:111,6,0,0
BRDA:111,6,1,0
BRDA:148,7,0,0
BRDA:148,7,1,0
BRDA:148,7,2,0
BRDA:148,7,3,0
BRDA:148,7,4,0
BRDA:150,8,0,0
BRDA:150,8,1,0
BRDA:157,9,0,0
BRDA:157,9,1,0
BRDA:167,10,0,0
BRDA:169,11,0,0
BRDA:169,11,1,0
BRF:26
BRH:0
end_of_record
